Arguments: 
  C:\Program Files\nodejs\node.exe C:\Users\Dawit\AppData\Roaming\npm\node_modules\yarn\bin\yarn.js add supertest

PATH: 
  C:\Program Files\PowerShell\7;C:\WINDOWS\system32;C:\WINDOWS;C:\WINDOWS\System32\Wbem;C:\WINDOWS\System32\WindowsPowerShell\v1.0\;C:\WINDOWS\System32\OpenSSH\;C:\Program Files (x86)\NVIDIA Corporation\PhysX\Common;C:\Program Files\NVIDIA Corporation\NVIDIA NvDLISR;C:\Program Files\Git\cmd;C:\ProgramData\chocolatey\bin;C:\Program Files\Redis\;C:\Program Files\PuTTY\;C:\Windows\system32;C:\Windows;C:\Windows\System32\Wbem;C:\Windows\System32\WindowsPowerShell\v1.0\;C:\Windows\System32\OpenSSH\;C:\Program Files\Docker\Docker\resources\bin;C:\ProgramData\DockerDesktop\version-bin;C:\ProgramData\nvm;C:\Program Files\nodejs;C:\Program Files (x86)\GnuWin32\bin;C:\MinGW\bin;C:\php;C:\ProgramData\ComposerSetup\bin;C:\Program Files\PowerShell\7\;C:\Program Files\dotnet\;C:\Users\Dawit\AppData\Local\Programs\Python\Python311\Scripts\;C:\Users\Dawit\AppData\Local\Programs\Python\Python311\;C:\Users\Dawit\AppData\Local\Microsoft\WindowsApps;C:\Users\Dawit\AppData\Local\Programs\mongosh\;C:\Users\Dawit\AppData\Local\Programs\Microsoft VS Code\bin;C:\Program Files\JetBrains\DataSpell 2022.2.3\bin;C:\Program Files\JetBrains\PyCharm 2022.2.3\bin;C:\Users\Dawit\AppData\Roaming\npm;C:\ProgramData\nvm;C:\Program Files\nodejs;C:\Program Files (x86)\GnuWin32\bin;C:\Program Files (x86)\Nmap;C:\Program Files\JetBrains\WebStorm 2022.3.1\bin;C:\php;C:\Users\Dawit\AppData\Roaming\Composer\vendor\bin;C:\Users\Dawit\.fly\bin

Yarn version: 
  1.22.19

Node version: 
  18.12.1

Platform: 
  win32 x64

Trace: 
  Error: connect ECONNABORTED 104.16.23.35:443
      at TCPConnectWrap.afterConnect [as oncomplete] (node:net:1300:16)

npm manifest: 
  {
    "name": "contact-manager",
    "version": "1.0.0",
    "description": "This is express backend for my contact manager app",
    "main": "server.js",
    "scripts": {
      "test": "jest",
      "start": "node server.js",
      "devStart": "nodemon server.js"
    },
    "author": "SQAT Group Project",
    "license": "MIT",
    "dependencies": {
      "bcrypt": "^5.1.0",
      "decrypt": "^0.0.1",
      "dotenv": "^16.0.3",
      "express": "^4.18.2",
      "express-async-handler": "^1.2.0",
      "jsonwebtoken": "^9.0.0",
      "mongoose": "^7.0.0",
      "twilio": "^4.8.0"
    },
    "devDependencies": {
      "nodemon": "^2.0.21"
    }
  }

yarn manifest: 
  No manifest

Lockfile: 
  No lockfile
